# JRE version: Java(TM) SE Runtime Environment (8.0_251-b08) (build 1.8.0_251-b08)
# Java VM: Java HotSpot(TM) 64-Bit Server VM (25.251-b08 mixed mode windows-amd64 compressed oops)
Heap:
 PSYoungGen      total 334336K, used 40335K [0x00000000d6200000, 0x00000000ec800000, 0x0000000100000000)
  eden space 323584K, 12% used [0x00000000d6200000,0x00000000d895bdb0,0x00000000e9e00000)
  from space 10752K, 0% used [0x00000000ebd80000,0x00000000ebd88000,0x00000000ec800000)
  to   space 21504K, 0% used [0x00000000e9e00000,0x00000000e9e00000,0x00000000eb300000)
 ParOldGen       total 128000K, used 42651K [0x0000000082600000, 0x000000008a300000, 0x00000000d6200000)
  object space 128000K, 33% used [0x0000000082600000,0x0000000084fa6db0,0x000000008a300000)
 Metaspace       used 75007K, capacity 79848K, committed 79912K, reserved 1118208K
  class space    used 9955K, capacity 10744K, committed 10800K, reserved 1048576K
GC Heap History (10 events):
Event: 12.105 GC heap before
{Heap before GC invocations=13 (full 3):
 PSYoungGen      total 222720K, used 13810K [0x00000000d6200000, 0x00000000e5100000, 0x0000000100000000)
  eden space 208896K, 0% used [0x00000000d6200000,0x00000000d6200000,0x00000000e2e00000)
  from space 13824K, 99% used [0x00000000e4080000,0x00000000e4dfca98,0x00000000e4e00000)
  to   space 17920K, 0% used [0x00000000e2e00000,0x00000000e2e00000,0x00000000e3f80000)
 ParOldGen       total 83968K, used 18573K [0x0000000082600000, 0x0000000087800000, 0x00000000d6200000)
  object space 83968K, 22% used [0x0000000082600000,0x0000000083823498,0x0000000087800000)
 Metaspace       used 56211K, capacity 59054K, committed 59160K, reserved 1099776K
  class space    used 7576K, capacity 8067K, committed 8112K, reserved 1048576K
Event: 12.326 GC heap after
Heap after GC invocations=13 (full 3):
 PSYoungGen      total 222720K, used 0K [0x00000000d6200000, 0x00000000e5100000, 0x0000000100000000)
  eden space 208896K, 0% used [0x00000000d6200000,0x00000000d6200000,0x00000000e2e00000)
  from space 13824K, 0% used [0x00000000e4080000,0x00000000e4080000,0x00000000e4e00000)
  to   space 17920K, 0% used [0x00000000e2e00000,0x00000000e2e00000,0x00000000e3f80000)
 ParOldGen       total 128000K, used 29774K [0x0000000082600000, 0x000000008a300000, 0x00000000d6200000)
  object space 128000K, 23% used [0x0000000082600000,0x00000000843139b0,0x000000008a300000)
 Metaspace       used 56211K, capacity 59054K, committed 59160K, reserved 1099776K
  class space    used 7576K, capacity 8067K, committed 8112K, reserved 1048576K
}
Event: 24.483 GC heap before
{Heap before GC invocations=14 (full 3):
 PSYoungGen      total 222720K, used 208896K [0x00000000d6200000, 0x00000000e5100000, 0x0000000100000000)
  eden space 208896K, 100% used [0x00000000d6200000,0x00000000e2e00000,0x00000000e2e00000)
  from space 13824K, 0% used [0x00000000e4080000,0x00000000e4080000,0x00000000e4e00000)
  to   space 17920K, 0% used [0x00000000e2e00000,0x00000000e2e00000,0x00000000e3f80000)
 ParOldGen       total 128000K, used 29774K [0x0000000082600000, 0x000000008a300000, 0x00000000d6200000)
  object space 128000K, 23% used [0x0000000082600000,0x00000000843139b0,0x000000008a300000)
 Metaspace       used 71435K, capacity 75764K, committed 76072K, reserved 1116160K
  class space    used 9498K, capacity 10214K, committed 10288K, reserved 1048576K
Event: 24.549 GC heap after
Heap after GC invocations=14 (full 3):
 PSYoungGen      total 226816K, used 17894K [0x00000000d6200000, 0x00000000e7f80000, 0x0000000100000000)
  eden space 208896K, 0% used [0x00000000d6200000,0x00000000d6200000,0x00000000e2e00000)
  from space 17920K, 99% used [0x00000000e2e00000,0x00000000e3f79bc8,0x00000000e3f80000)
  to   space 20992K, 0% used [0x00000000e6b00000,0x00000000e6b00000,0x00000000e7f80000)
 ParOldGen       total 128000K, used 31841K [0x0000000082600000, 0x000000008a300000, 0x00000000d6200000)
  object space 128000K, 24% used [0x0000000082600000,0x0000000084518748,0x000000008a300000)
 Metaspace       used 71435K, capacity 75764K, committed 76072K, reserved 1116160K
  class space    used 9498K, capacity 10214K, committed 10288K, reserved 1048576K
}
Event: 917.339 GC heap before
{Heap before GC invocations=15 (full 3):
 PSYoungGen      total 226816K, used 226790K [0x00000000d6200000, 0x00000000e7f80000, 0x0000000100000000)
  eden space 208896K, 100% used [0x00000000d6200000,0x00000000e2e00000,0x00000000e2e00000)
  from space 17920K, 99% used [0x00000000e2e00000,0x00000000e3f79bc8,0x00000000e3f80000)
  to   space 20992K, 0% used [0x00000000e6b00000,0x00000000e6b00000,0x00000000e7f80000)
 ParOldGen       total 128000K, used 31841K [0x0000000082600000, 0x000000008a300000, 0x00000000d6200000)
  object space 128000K, 24% used [0x0000000082600000,0x0000000084518748,0x000000008a300000)
 Metaspace       used 74802K, capacity 79650K, committed 79912K, reserved 1118208K
  class space    used 9933K, capacity 10733K, committed 10800K, reserved 1048576K
Event: 997.813 GC heap after
Heap after GC invocations=15 (full 3):
 PSYoungGen      total 271360K, used 12375K [0x00000000d6200000, 0x00000000e9a80000, 0x0000000100000000)
  eden space 250368K, 0% used [0x00000000d6200000,0x00000000d6200000,0x00000000e5680000)
  from space 20992K, 58% used [0x00000000e6b00000,0x00000000e7715cc0,0x00000000e7f80000)
  to   space 20992K, 0% used [0x00000000e5680000,0x00000000e5680000,0x00000000e6b00000)
 ParOldGen       total 128000K, used 31849K [0x0000000082600000, 0x000000008a300000, 0x00000000d6200000)
  object space 128000K, 24% used [0x0000000082600000,0x000000008451a748,0x000000008a300000)
 Metaspace       used 74802K, capacity 79650K, committed 79912K, reserved 1118208K
  class space    used 9933K, capacity 10733K, committed 10800K, reserved 1048576K
}
Event: 3215.302 GC heap before
{Heap before GC invocations=16 (full 3):
 PSYoungGen      total 271360K, used 262743K [0x00000000d6200000, 0x00000000e9a80000, 0x0000000100000000)
  eden space 250368K, 100% used [0x00000000d6200000,0x00000000e5680000,0x00000000e5680000)
  from space 20992K, 58% used [0x00000000e6b00000,0x00000000e7715cc0,0x00000000e7f80000)
  to   space 20992K, 0% used [0x00000000e5680000,0x00000000e5680000,0x00000000e6b00000)
 ParOldGen       total 128000K, used 31849K [0x0000000082600000, 0x000000008a300000, 0x00000000d6200000)
  object space 128000K, 24% used [0x0000000082600000,0x000000008451a748,0x000000008a300000)
 Metaspace       used 74989K, capacity 79848K, committed 79912K, reserved 1118208K
  class space    used 9955K, capacity 10744K, committed 10800K, reserved 1048576K
Event: 3291.919 GC heap after
Heap after GC invocations=16 (full 3):
 PSYoungGen      total 271360K, used 1487K [0x00000000d6200000, 0x00000000ed280000, 0x0000000100000000)
  eden space 250368K, 0% used [0x00000000d6200000,0x00000000d6200000,0x00000000e5680000)
  from space 20992K, 7% used [0x00000000e5680000,0x00000000e57f3de0,0x00000000e6b00000)
  to   space 21504K, 0% used [0x00000000ebd80000,0x00000000ebd80000,0x00000000ed280000)
 ParOldGen       total 128000K, used 41728K [0x0000000082600000, 0x000000008a300000, 0x00000000d6200000)
  object space 128000K, 32% used [0x0000000082600000,0x0000000084ec0150,0x000000008a300000)
 Metaspace       used 74989K, capacity 79848K, committed 79912K, reserved 1118208K
  class space    used 9955K, capacity 10744K, committed 10800K, reserved 1048576K
}
Event: 4605.848 GC heap before
{Heap before GC invocations=17 (full 3):
 PSYoungGen      total 271360K, used 251855K [0x00000000d6200000, 0x00000000ed280000, 0x0000000100000000)
  eden space 250368K, 100% used [0x00000000d6200000,0x00000000e5680000,0x00000000e5680000)
  from space 20992K, 7% used [0x00000000e5680000,0x00000000e57f3de0,0x00000000e6b00000)
  to   space 21504K, 0% used [0x00000000ebd80000,0x00000000ebd80000,0x00000000ed280000)
 ParOldGen       total 128000K, used 41728K [0x0000000082600000, 0x000000008a300000, 0x00000000d6200000)
  object space 128000K, 32% used [0x0000000082600000,0x0000000084ec0150,0x000000008a300000)
 Metaspace       used 75003K, capacity 79848K, committed 79912K, reserved 1118208K
  class space    used 9955K, capacity 10744K, committed 10800K, reserved 1048576K
Event: 4606.978 GC heap after
Heap after GC invocations=17 (full 3):
 PSYoungGen      total 334336K, used 32K [0x00000000d6200000, 0x00000000ec800000, 0x0000000100000000)
  eden space 323584K, 0% used [0x00000000d6200000,0x00000000d6200000,0x00000000e9e00000)
  from space 10752K, 0% used [0x00000000ebd80000,0x00000000ebd88000,0x00000000ec800000)
  to   space 21504K, 0% used [0x00000000e9e00000,0x00000000e9e00000,0x00000000eb300000)
 ParOldGen       total 128000K, used 42651K [0x0000000082600000, 0x000000008a300000, 0x00000000d6200000)
  object space 128000K, 33% used [0x0000000082600000,0x0000000084fa6db0,0x000000008a300000)
 Metaspace       used 75003K, capacity 79848K, committed 79912K, reserved 1118208K
  class space    used 9955K, capacity 10744K, committed 10800K, reserved 1048576K
}

